Fri Jan 14 21:52:52 MST 2022
Start Regression test

Compile 001 elapsed time 820 seconds. -DAPP=S2SW -DCCPP_SUITES=FV3_GFS_v16_coupled_med_NoahmpUGWPv1 -DMPI=ON -DCMAKE_BUILD_TYPE=Release -DMOM6SOLO=ON

baseline dir = /glade/p/ral/jntp/GMTB/ufs-weather-model/RT/NEMSfv3gfs/develop-20220103/INTEL/cpld_control_c96_p7_med_flux
working dir  = /glade/scratch/turuncu/FV3_RT/rt_49827/cpld_control_c96_p7_med_flux
Checking test 001 cpld_control_c96_p7_med_flux results ....
 Comparing sfcf024.tile1.nc ............MISSING baseline
 Comparing sfcf024.tile2.nc ............MISSING baseline
 Comparing sfcf024.tile3.nc ............MISSING baseline
 Comparing sfcf024.tile4.nc ............MISSING baseline
 Comparing sfcf024.tile5.nc ............MISSING baseline
 Comparing sfcf024.tile6.nc ............MISSING baseline
 Comparing atmf024.tile1.nc ............MISSING baseline
 Comparing atmf024.tile2.nc ............MISSING baseline
 Comparing atmf024.tile3.nc ............MISSING baseline
 Comparing atmf024.tile4.nc ............MISSING baseline
 Comparing atmf024.tile5.nc ............MISSING baseline
 Comparing atmf024.tile6.nc ............MISSING baseline
 Comparing RESTART/coupler.res ............MISSING baseline
 Comparing RESTART/fv_core.res.nc ............MISSING baseline
 Comparing RESTART/fv_core.res.tile1.nc ............MISSING baseline
 Comparing RESTART/fv_core.res.tile2.nc ............MISSING baseline
 Comparing RESTART/fv_core.res.tile3.nc ............MISSING baseline
 Comparing RESTART/fv_core.res.tile4.nc ............MISSING baseline
 Comparing RESTART/fv_core.res.tile5.nc ............MISSING baseline
 Comparing RESTART/fv_core.res.tile6.nc ............MISSING baseline
 Comparing RESTART/fv_srf_wnd.res.tile1.nc ............MISSING baseline
 Comparing RESTART/fv_srf_wnd.res.tile2.nc ............MISSING baseline
 Comparing RESTART/fv_srf_wnd.res.tile3.nc ............MISSING baseline
 Comparing RESTART/fv_srf_wnd.res.tile4.nc ............MISSING baseline
 Comparing RESTART/fv_srf_wnd.res.tile5.nc ............MISSING baseline
 Comparing RESTART/fv_srf_wnd.res.tile6.nc ............MISSING baseline
 Comparing RESTART/fv_tracer.res.tile1.nc ............MISSING baseline
 Comparing RESTART/fv_tracer.res.tile2.nc ............MISSING baseline
 Comparing RESTART/fv_tracer.res.tile3.nc ............MISSING baseline
 Comparing RESTART/fv_tracer.res.tile4.nc ............MISSING baseline
 Comparing RESTART/fv_tracer.res.tile5.nc ............MISSING baseline
 Comparing RESTART/fv_tracer.res.tile6.nc ............MISSING baseline
 Comparing RESTART/phy_data.tile1.nc ............MISSING baseline
 Comparing RESTART/phy_data.tile2.nc ............MISSING baseline
 Comparing RESTART/phy_data.tile3.nc ............MISSING baseline
 Comparing RESTART/phy_data.tile4.nc ............MISSING baseline
 Comparing RESTART/phy_data.tile5.nc ............MISSING baseline
 Comparing RESTART/phy_data.tile6.nc ............MISSING baseline
 Comparing RESTART/sfc_data.tile1.nc ............MISSING baseline
 Comparing RESTART/sfc_data.tile2.nc ............MISSING baseline
 Comparing RESTART/sfc_data.tile3.nc ............MISSING baseline
 Comparing RESTART/sfc_data.tile4.nc ............MISSING baseline
 Comparing RESTART/sfc_data.tile5.nc ............MISSING baseline
 Comparing RESTART/sfc_data.tile6.nc ............MISSING baseline
 Comparing RESTART/MOM.res.nc ............MISSING baseline
 Comparing RESTART/iced.2021-03-23-21600.nc ............MISSING baseline
 Comparing RESTART/ufs.cpld.cpl.r.2021-03-23-21600.nc ............MISSING baseline

0:The total amount of wall time                        = 243.340468
0:The maximum resident set size (KB)                   = 534960

Test 001 cpld_control_c96_p7_med_flux FAIL

FAILED TESTS: 
Test cpld_control_c96_p7_med_flux 001 failed in check_result failed 

REGRESSION TEST FAILED
Fri Jan 14 22:12:49 MST 2022
Elapsed time: 00h:19m:57s. Have a nice day!
